<?xml version="1.0" encoding="utf-8" standalone="yes" ?>
<Events>
<Event xmlns="http://schemas.microsoft.com/win/2004/08/events/event"><System><Provider Name="Microsoft-Windows-Eventlog" Guid="{fc65ddd8-d6ef-4962-83d5-6e5cfe9ce148}"></Provider>
<EventID Qualifiers="">1102</EventID>
<Version>0</Version>
<Level>4</Level>
<Task>104</Task>
<Opcode>0</Opcode>
<Keywords>0x4020000000000000</Keywords>
<TimeCreated SystemTime="2016-09-15 20:59:17.188477"></TimeCreated>
<EventRecordID>329</EventRecordID>
<Correlation ActivityID="" RelatedActivityID=""></Correlation>
<Execution ProcessID="720" ThreadID="2232"></Execution>
<Channel>Security</Channel>
<Computer>bob-PC</Computer>
<Security UserID=""></Security>
</System>
<UserData><LogFileCleared xmlns:auto-ns3="http://schemas.microsoft.com/win/2004/08/events" xmlns="http://manifests.microsoft.com/win/2004/08/windows/eventlog"><SubjectUserSid>S-1-5-21-1682941433-2412523285-1478106454-1000</SubjectUserSid>
<SubjectUserName>bob</SubjectUserName>
<SubjectDomainName>bob-PC</SubjectDomainName>
<SubjectLogonId>0x0000000000020150</SubjectLogonId>
</LogFileCleared>
</UserData>
</Event>

<Event xmlns="http://schemas.microsoft.com/win/2004/08/events/event"><System><Provider Name="Microsoft-Windows-Security-Auditing" Guid="54849625-5478-4994-a5ba-3e3b0328c30d"></Provider>
<EventID Qualifiers="">4776</EventID>
<Version>0</Version>
<Level>0</Level>
<Task>14336</Task>
<Opcode>0</Opcode>
<Keywords>0x8010000000000000</Keywords>
<TimeCreated SystemTime="2016-09-15 20:59:20.688477"></TimeCreated>
<EventRecordID>330</EventRecordID>
<Correlation ActivityID="" RelatedActivityID=""></Correlation>
<Execution ProcessID="456" ThreadID="1936"></Execution>
<Channel>Security</Channel>
<Computer>bob-PC</Computer>
<Security UserID=""></Security>
</System>
<EventData><Data Name="PackageName">MICROSOFT_AUTHENTICATION_PACKAGE_V1_0</Data>
<Data Name="TargetUserName">kulHKAGP</Data>
<Data Name="Workstation">SZ225hU6Uvk9dlsK</Data>
<Data Name="Status">0xc0000064</Data>
</EventData>
</Event>

<Event xmlns="http://schemas.microsoft.com/win/2004/08/events/event"><System><Provider Name="Microsoft-Windows-Security-Auditing" Guid="54849625-5478-4994-a5ba-3e3b0328c30d"></Provider>
<EventID Qualifiers="">4776</EventID>
<Version>0</Version>
<Level>0</Level>
<Task>14336</Task>
<Opcode>0</Opcode>
<Keywords>0x8010000000000000</Keywords>
<TimeCreated SystemTime="2016-09-15 20:59:20.688477"></TimeCreated>
<EventRecordID>331</EventRecordID>
<Correlation ActivityID="" RelatedActivityID=""></Correlation>
<Execution ProcessID="456" ThreadID="1936"></Execution>
<Channel>Security</Channel>
<Computer>bob-PC</Computer>
<Security UserID=""></Security>
</System>
<EventData><Data Name="PackageName">MICROSOFT_AUTHENTICATION_PACKAGE_V1_0</Data>
<Data Name="TargetUserName">bob</Data>
<Data Name="Workstation">zYhzSajqcwmrZP5B</Data>
<Data Name="Status">0xc000006a</Data>
</EventData>
</Event>

<Event xmlns="http://schemas.microsoft.com/win/2004/08/events/event"><System><Provider Name="Microsoft-Windows-Security-Auditing" Guid="54849625-5478-4994-a5ba-3e3b0328c30d"></Provider>
<EventID Qualifiers="">4776</EventID>
<Version>0</Version>
<Level>0</Level>
<Task>14336</Task>
<Opcode>0</Opcode>
<Keywords>0x8010000000000000</Keywords>
<TimeCreated SystemTime="2016-09-15 20:59:20.704100"></TimeCreated>
<EventRecordID>332</EventRecordID>
<Correlation ActivityID="" RelatedActivityID=""></Correlation>
<Execution ProcessID="456" ThreadID="1936"></Execution>
<Channel>Security</Channel>
<Computer>bob-PC</Computer>
<Security UserID=""></Security>
</System>
<EventData><Data Name="PackageName">MICROSOFT_AUTHENTICATION_PACKAGE_V1_0</Data>
<Data Name="TargetUserName">bob</Data>
<Data Name="Workstation">GZAJJ1WVon0BKA3r</Data>
<Data Name="Status">0xc000006a</Data>
</EventData>
</Event>

<Event xmlns="http://schemas.microsoft.com/win/2004/08/events/event"><System><Provider Name="Microsoft-Windows-Security-Auditing" Guid="54849625-5478-4994-a5ba-3e3b0328c30d"></Provider>
<EventID Qualifiers="">4776</EventID>
<Version>0</Version>
<Level>0</Level>
<Task>14336</Task>
<Opcode>0</Opcode>
<Keywords>0x8010000000000000</Keywords>
<TimeCreated SystemTime="2016-09-15 20:59:20.719727"></TimeCreated>
<EventRecordID>333</EventRecordID>
<Correlation ActivityID="" RelatedActivityID=""></Correlation>
<Execution ProcessID="456" ThreadID="1936"></Execution>
<Channel>Security</Channel>
<Computer>bob-PC</Computer>
<Security UserID=""></Security>
</System>
<EventData><Data Name="PackageName">MICROSOFT_AUTHENTICATION_PACKAGE_V1_0</Data>
<Data Name="TargetUserName">bob</Data>
<Data Name="Workstation">bmHoOxqy0JNICl8Z</Data>
<Data Name="Status">0xc000006a</Data>
</EventData>
</Event>

<Event xmlns="http://schemas.microsoft.com/win/2004/08/events/event"><System><Provider Name="Microsoft-Windows-Security-Auditing" Guid="54849625-5478-4994-a5ba-3e3b0328c30d"></Provider>
<EventID Qualifiers="">4776</EventID>
<Version>0</Version>
<Level>0</Level>
<Task>14336</Task>
<Opcode>0</Opcode>
<Keywords>0x8010000000000000</Keywords>
<TimeCreated SystemTime="2016-09-15 20:59:20.735352"></TimeCreated>
<EventRecordID>334</EventRecordID>
<Correlation ActivityID="" RelatedActivityID=""></Correlation>
<Execution ProcessID="456" ThreadID="1936"></Execution>
<Channel>Security</Channel>
<Computer>bob-PC</Computer>
<Security UserID=""></Security>
</System>
<EventData><Data Name="PackageName">MICROSOFT_AUTHENTICATION_PACKAGE_V1_0</Data>
<Data Name="TargetUserName">bob</Data>
<Data Name="Workstation">nywZV6JGlcb29NC3</Data>
<Data Name="Status">0xc000006a</Data>
</EventData>
</Event>

<Event xmlns="http://schemas.microsoft.com/win/2004/08/events/event"><System><Provider Name="Microsoft-Windows-Security-Auditing" Guid="54849625-5478-4994-a5ba-3e3b0328c30d"></Provider>
<EventID Qualifiers="">4776</EventID>
<Version>0</Version>
<Level>0</Level>
<Task>14336</Task>
<Opcode>0</Opcode>
<Keywords>0x8010000000000000</Keywords>
<TimeCreated SystemTime="2016-09-15 20:59:20.735352"></TimeCreated>
<EventRecordID>335</EventRecordID>
<Correlation ActivityID="" RelatedActivityID=""></Correlation>
<Execution ProcessID="456" ThreadID="1936"></Execution>
<Channel>Security</Channel>
<Computer>bob-PC</Computer>
<Security UserID=""></Security>
</System>
<EventData><Data Name="PackageName">MICROSOFT_AUTHENTICATION_PACKAGE_V1_0</Data>
<Data Name="TargetUserName">bob</Data>
<Data Name="Workstation">pnpvIpNYsaPc7keU</Data>
<Data Name="Status">0xc000006a</Data>
</EventData>
</Event>

<Event xmlns="http://schemas.microsoft.com/win/2004/08/events/event"><System><Provider Name="Microsoft-Windows-Security-Auditing" Guid="54849625-5478-4994-a5ba-3e3b0328c30d"></Provider>
<EventID Qualifiers="">4776</EventID>
<Version>0</Version>
<Level>0</Level>
<Task>14336</Task>
<Opcode>0</Opcode>
<Keywords>0x8010000000000000</Keywords>
<TimeCreated SystemTime="2016-09-15 20:59:20.750975"></TimeCreated>
<EventRecordID>336</EventRecordID>
<Correlation ActivityID="" RelatedActivityID=""></Correlation>
<Execution ProcessID="456" ThreadID="1936"></Execution>
<Channel>Security</Channel>
<Computer>bob-PC</Computer>
<Security UserID=""></Security>
</System>
<EventData><Data Name="PackageName">MICROSOFT_AUTHENTICATION_PACKAGE_V1_0</Data>
<Data Name="TargetUserName">bob</Data>
<Data Name="Workstation">xQ2INAzMjJGqWZFA</Data>
<Data Name="Status">0xc000006a</Data>
</EventData>
</Event>

<Event xmlns="http://schemas.microsoft.com/win/2004/08/events/event"><System><Provider Name="Microsoft-Windows-Security-Auditing" Guid="54849625-5478-4994-a5ba-3e3b0328c30d"></Provider>
<EventID Qualifiers="">4776</EventID>
<Version>0</Version>
<Level>0</Level>
<Task>14336</Task>
<Opcode>0</Opcode>
<Keywords>0x8010000000000000</Keywords>
<TimeCreated SystemTime="2016-09-15 20:59:20.766602"></TimeCreated>
<EventRecordID>337</EventRecordID>
<Correlation ActivityID="" RelatedActivityID=""></Correlation>
<Execution ProcessID="456" ThreadID="1936"></Execution>
<Channel>Security</Channel>
<Computer>bob-PC</Computer>
<Security UserID=""></Security>
</System>
<EventData><Data Name="PackageName">MICROSOFT_AUTHENTICATION_PACKAGE_V1_0</Data>
<Data Name="TargetUserName">bob</Data>
<Data Name="Workstation">3EepQ0KnY6GnSVIB</Data>
<Data Name="Status">0xc000006a</Data>
</EventData>
</Event>

<Event xmlns="http://schemas.microsoft.com/win/2004/08/events/event"><System><Provider Name="Microsoft-Windows-Security-Auditing" Guid="54849625-5478-4994-a5ba-3e3b0328c30d"></Provider>
<EventID Qualifiers="">4776</EventID>
<Version>0</Version>
<Level>0</Level>
<Task>14336</Task>
<Opcode>0</Opcode>
<Keywords>0x8010000000000000</Keywords>
<TimeCreated SystemTime="2016-09-15 20:59:20.782227"></TimeCreated>
<EventRecordID>338</EventRecordID>
<Correlation ActivityID="" RelatedActivityID=""></Correlation>
<Execution ProcessID="456" ThreadID="1936"></Execution>
<Channel>Security</Channel>
<Computer>bob-PC</Computer>
<Security UserID=""></Security>
</System>
<EventData><Data Name="PackageName">MICROSOFT_AUTHENTICATION_PACKAGE_V1_0</Data>
<Data Name="TargetUserName">bob</Data>
<Data Name="Workstation">ZqeIN2GXxzjOcPUs</Data>
<Data Name="Status">0xc000006a</Data>
</EventData>
</Event>

<Event xmlns="http://schemas.microsoft.com/win/2004/08/events/event"><System><Provider Name="Microsoft-Windows-Security-Auditing" Guid="54849625-5478-4994-a5ba-3e3b0328c30d"></Provider>
<EventID Qualifiers="">4776</EventID>
<Version>0</Version>
<Level>0</Level>
<Task>14336</Task>
<Opcode>0</Opcode>
<Keywords>0x8010000000000000</Keywords>
<TimeCreated SystemTime="2016-09-15 20:59:20.797850"></TimeCreated>
<EventRecordID>339</EventRecordID>
<Correlation ActivityID="" RelatedActivityID=""></Correlation>
<Execution ProcessID="456" ThreadID="1936"></Execution>
<Channel>Security</Channel>
<Computer>bob-PC</Computer>
<Security UserID=""></Security>
</System>
<EventData><Data Name="PackageName">MICROSOFT_AUTHENTICATION_PACKAGE_V1_0</Data>
<Data Name="TargetUserName">bob</Data>
<Data Name="Workstation">8akffd8NzPZmOVwm</Data>
<Data Name="Status">0xc000006a</Data>
</EventData>
</Event>

<Event xmlns="http://schemas.microsoft.com/win/2004/08/events/event"><System><Provider Name="Microsoft-Windows-Security-Auditing" Guid="54849625-5478-4994-a5ba-3e3b0328c30d"></Provider>
<EventID Qualifiers="">4776</EventID>
<Version>0</Version>
<Level>0</Level>
<Task>14336</Task>
<Opcode>0</Opcode>
<Keywords>0x8010000000000000</Keywords>
<TimeCreated SystemTime="2016-09-15 20:59:20.813477"></TimeCreated>
<EventRecordID>340</EventRecordID>
<Correlation ActivityID="" RelatedActivityID=""></Correlation>
<Execution ProcessID="456" ThreadID="1936"></Execution>
<Channel>Security</Channel>
<Computer>bob-PC</Computer>
<Security UserID=""></Security>
</System>
<EventData><Data Name="PackageName">MICROSOFT_AUTHENTICATION_PACKAGE_V1_0</Data>
<Data Name="TargetUserName">bob</Data>
<Data Name="Workstation">8uIEyvLMx0f82KDr</Data>
<Data Name="Status">0xc000006a</Data>
</EventData>
</Event>

<Event xmlns="http://schemas.microsoft.com/win/2004/08/events/event"><System><Provider Name="Microsoft-Windows-Security-Auditing" Guid="54849625-5478-4994-a5ba-3e3b0328c30d"></Provider>
<EventID Qualifiers="">4776</EventID>
<Version>0</Version>
<Level>0</Level>
<Task>14336</Task>
<Opcode>0</Opcode>
<Keywords>0x8010000000000000</Keywords>
<TimeCreated SystemTime="2016-09-15 20:59:20.813477"></TimeCreated>
<EventRecordID>341</EventRecordID>
<Correlation ActivityID="" RelatedActivityID=""></Correlation>
<Execution ProcessID="456" ThreadID="1936"></Execution>
<Channel>Security</Channel>
<Computer>bob-PC</Computer>
<Security UserID=""></Security>
</System>
<EventData><Data Name="PackageName">MICROSOFT_AUTHENTICATION_PACKAGE_V1_0</Data>
<Data Name="TargetUserName">bob</Data>
<Data Name="Workstation">ABs3NSdGjM4V6WT4</Data>
<Data Name="Status">0xc000006a</Data>
</EventData>
</Event>

<Event xmlns="http://schemas.microsoft.com/win/2004/08/events/event"><System><Provider Name="Microsoft-Windows-Security-Auditing" Guid="54849625-5478-4994-a5ba-3e3b0328c30d"></Provider>
<EventID Qualifiers="">4776</EventID>
<Version>0</Version>
<Level>0</Level>
<Task>14336</Task>
<Opcode>0</Opcode>
<Keywords>0x8020000000000000</Keywords>
<TimeCreated SystemTime="2016-09-15 20:59:20.829100"></TimeCreated>
<EventRecordID>342</EventRecordID>
<Correlation ActivityID="" RelatedActivityID=""></Correlation>
<Execution ProcessID="456" ThreadID="1936"></Execution>
<Channel>Security</Channel>
<Computer>bob-PC</Computer>
<Security UserID=""></Security>
</System>
<EventData><Data Name="PackageName">MICROSOFT_AUTHENTICATION_PACKAGE_V1_0</Data>
<Data Name="TargetUserName">bob</Data>
<Data Name="Workstation">36hEV7ueZqMCZ43Q</Data>
<Data Name="Status">0x00000000</Data>
</EventData>
</Event>

<Event xmlns="http://schemas.microsoft.com/win/2004/08/events/event"><System><Provider Name="Microsoft-Windows-Security-Auditing" Guid="54849625-5478-4994-a5ba-3e3b0328c30d"></Provider>
<EventID Qualifiers="">4672</EventID>
<Version>0</Version>
<Level>0</Level>
<Task>12548</Task>
<Opcode>0</Opcode>
<Keywords>0x8020000000000000</Keywords>
<TimeCreated SystemTime="2016-09-15 20:59:20.829100"></TimeCreated>
<EventRecordID>343</EventRecordID>
<Correlation ActivityID="" RelatedActivityID=""></Correlation>
<Execution ProcessID="456" ThreadID="1936"></Execution>
<Channel>Security</Channel>
<Computer>bob-PC</Computer>
<Security UserID=""></Security>
</System>
<EventData><Data Name="SubjectUserSid">S-1-5-21-1682941433-2412523285-1478106454-1000</Data>
<Data Name="SubjectUserName">bob</Data>
<Data Name="SubjectDomainName">bob-PC</Data>
<Data Name="SubjectLogonId">0x00000000000ca003</Data>
<Data Name="PrivilegeList">SeSecurityPrivilege
			SeBackupPrivilege
			SeRestorePrivilege
			SeTakeOwnershipPrivilege
			SeDebugPrivilege
			SeSystemEnvironmentPrivilege
			SeLoadDriverPrivilege
			SeImpersonatePrivilege</Data>
</EventData>
</Event>

<Event xmlns="http://schemas.microsoft.com/win/2004/08/events/event"><System><Provider Name="Microsoft-Windows-Security-Auditing" Guid="54849625-5478-4994-a5ba-3e3b0328c30d"></Provider>
<EventID Qualifiers="">4672</EventID>
<Version>0</Version>
<Level>0</Level>
<Task>12548</Task>
<Opcode>0</Opcode>
<Keywords>0x8020000000000000</Keywords>
<TimeCreated SystemTime="2016-09-15 20:59:20.829100"></TimeCreated>
<EventRecordID>344</EventRecordID>
<Correlation ActivityID="" RelatedActivityID=""></Correlation>
<Execution ProcessID="456" ThreadID="1936"></Execution>
<Channel>Security</Channel>
<Computer>bob-PC</Computer>
<Security UserID=""></Security>
</System>
<EventData><Data Name="SubjectUserSid">S-1-5-21-1682941433-2412523285-1478106454-1000</Data>
<Data Name="SubjectUserName">bob</Data>
<Data Name="SubjectDomainName">bob-PC</Data>
<Data Name="SubjectLogonId">0x00000000000ca003</Data>
<Data Name="PrivilegeList">SeSecurityPrivilege
			SeTakeOwnershipPrivilege
			SeLoadDriverPrivilege
			SeBackupPrivilege
			SeRestorePrivilege
			SeDebugPrivilege
			SeSystemEnvironmentPrivilege
			SeImpersonatePrivilege</Data>
</EventData>
</Event>

<Event xmlns="http://schemas.microsoft.com/win/2004/08/events/event"><System><Provider Name="Microsoft-Windows-Security-Auditing" Guid="54849625-5478-4994-a5ba-3e3b0328c30d"></Provider>
<EventID Qualifiers="">4624</EventID>
<Version>0</Version>
<Level>0</Level>
<Task>12544</Task>
<Opcode>0</Opcode>
<Keywords>0x8020000000000000</Keywords>
<TimeCreated SystemTime="2016-09-15 20:59:20.829100"></TimeCreated>
<EventRecordID>345</EventRecordID>
<Correlation ActivityID="" RelatedActivityID=""></Correlation>
<Execution ProcessID="456" ThreadID="1936"></Execution>
<Channel>Security</Channel>
<Computer>bob-PC</Computer>
<Security UserID=""></Security>
</System>
<EventData><Data Name="SubjectUserSid">S-1-0-0</Data>
<Data Name="SubjectUserName">-</Data>
<Data Name="SubjectDomainName">-</Data>
<Data Name="SubjectLogonId">0x0000000000000000</Data>
<Data Name="TargetUserSid">S-1-5-21-1682941433-2412523285-1478106454-1000</Data>
<Data Name="TargetUserName">bob</Data>
<Data Name="TargetDomainName">bob-PC</Data>
<Data Name="TargetLogonId">0x00000000000ca003</Data>
<Data Name="LogonType">3</Data>
<Data Name="LogonProcessName">NtLmSsp </Data>
<Data Name="AuthenticationPackageName">NTLM</Data>
<Data Name="WorkstationName">36hEV7ueZqMCZ43Q</Data>
<Data Name="LogonGuid">00000000-0000-0000-0000-000000000000</Data>
<Data Name="TransmittedServices">-</Data>
<Data Name="LmPackageName">NTLM V2</Data>
<Data Name="KeyLength">0</Data>
<Data Name="ProcessId">0x0000000000000000</Data>
<Data Name="ProcessName">-</Data>
<Data Name="IpAddress">10.200.0.21</Data>
<Data Name="IpPort">39588</Data>
</EventData>
</Event>

<Event xmlns="http://schemas.microsoft.com/win/2004/08/events/event"><System><Provider Name="Microsoft-Windows-Security-Auditing" Guid="54849625-5478-4994-a5ba-3e3b0328c30d"></Provider>
<EventID Qualifiers="">4634</EventID>
<Version>0</Version>
<Level>0</Level>
<Task>12545</Task>
<Opcode>0</Opcode>
<Keywords>0x8020000000000000</Keywords>
<TimeCreated SystemTime="2016-09-15 20:59:20.844727"></TimeCreated>
<EventRecordID>346</EventRecordID>
<Correlation ActivityID="" RelatedActivityID=""></Correlation>
<Execution ProcessID="456" ThreadID="1936"></Execution>
<Channel>Security</Channel>
<Computer>bob-PC</Computer>
<Security UserID=""></Security>
</System>
<EventData><Data Name="TargetUserSid">S-1-5-21-1682941433-2412523285-1478106454-1000</Data>
<Data Name="TargetUserName">bob</Data>
<Data Name="TargetDomainName">bob-PC</Data>
<Data Name="TargetLogonId">0x00000000000ca003</Data>
<Data Name="LogonType">3</Data>
</EventData>
</Event>

<Event xmlns="http://schemas.microsoft.com/win/2004/08/events/event"><System><Provider Name="Microsoft-Windows-Security-Auditing" Guid="54849625-5478-4994-a5ba-3e3b0328c30d"></Provider>
<EventID Qualifiers="">4776</EventID>
<Version>0</Version>
<Level>0</Level>
<Task>14336</Task>
<Opcode>0</Opcode>
<Keywords>0x8020000000000000</Keywords>
<TimeCreated SystemTime="2016-09-15 20:59:20.844727"></TimeCreated>
<EventRecordID>347</EventRecordID>
<Correlation ActivityID="" RelatedActivityID=""></Correlation>
<Execution ProcessID="456" ThreadID="1936"></Execution>
<Channel>Security</Channel>
<Computer>bob-PC</Computer>
<Security UserID=""></Security>
</System>
<EventData><Data Name="PackageName">MICROSOFT_AUTHENTICATION_PACKAGE_V1_0</Data>
<Data Name="TargetUserName">bob</Data>
<Data Name="Workstation">nSZ0WAEGBoBxw1Ev</Data>
<Data Name="Status">0x00000000</Data>
</EventData>
</Event>

<Event xmlns="http://schemas.microsoft.com/win/2004/08/events/event"><System><Provider Name="Microsoft-Windows-Security-Auditing" Guid="54849625-5478-4994-a5ba-3e3b0328c30d"></Provider>
<EventID Qualifiers="">4672</EventID>
<Version>0</Version>
<Level>0</Level>
<Task>12548</Task>
<Opcode>0</Opcode>
<Keywords>0x8020000000000000</Keywords>
<TimeCreated SystemTime="2016-09-15 20:59:20.844727"></TimeCreated>
<EventRecordID>348</EventRecordID>
<Correlation ActivityID="" RelatedActivityID=""></Correlation>
<Execution ProcessID="456" ThreadID="1936"></Execution>
<Channel>Security</Channel>
<Computer>bob-PC</Computer>
<Security UserID=""></Security>
</System>
<EventData><Data Name="SubjectUserSid">S-1-5-21-1682941433-2412523285-1478106454-1000</Data>
<Data Name="SubjectUserName">bob</Data>
<Data Name="SubjectDomainName">bob-PC</Data>
<Data Name="SubjectLogonId">0x00000000000ca01a</Data>
<Data Name="PrivilegeList">SeSecurityPrivilege
			SeBackupPrivilege
			SeRestorePrivilege
			SeTakeOwnershipPrivilege
			SeDebugPrivilege
			SeSystemEnvironmentPrivilege
			SeLoadDriverPrivilege
			SeImpersonatePrivilege</Data>
</EventData>
</Event>

<Event xmlns="http://schemas.microsoft.com/win/2004/08/events/event"><System><Provider Name="Microsoft-Windows-Security-Auditing" Guid="54849625-5478-4994-a5ba-3e3b0328c30d"></Provider>
<EventID Qualifiers="">4672</EventID>
<Version>0</Version>
<Level>0</Level>
<Task>12548</Task>
<Opcode>0</Opcode>
<Keywords>0x8020000000000000</Keywords>
<TimeCreated SystemTime="2016-09-15 20:59:20.844727"></TimeCreated>
<EventRecordID>349</EventRecordID>
<Correlation ActivityID="" RelatedActivityID=""></Correlation>
<Execution ProcessID="456" ThreadID="1936"></Execution>
<Channel>Security</Channel>
<Computer>bob-PC</Computer>
<Security UserID=""></Security>
</System>
<EventData><Data Name="SubjectUserSid">S-1-5-21-1682941433-2412523285-1478106454-1000</Data>
<Data Name="SubjectUserName">bob</Data>
<Data Name="SubjectDomainName">bob-PC</Data>
<Data Name="SubjectLogonId">0x00000000000ca01a</Data>
<Data Name="PrivilegeList">SeSecurityPrivilege
			SeTakeOwnershipPrivilege
			SeLoadDriverPrivilege
			SeBackupPrivilege
			SeRestorePrivilege
			SeDebugPrivilege
			SeSystemEnvironmentPrivilege
			SeImpersonatePrivilege</Data>
</EventData>
</Event>

<Event xmlns="http://schemas.microsoft.com/win/2004/08/events/event"><System><Provider Name="Microsoft-Windows-Security-Auditing" Guid="54849625-5478-4994-a5ba-3e3b0328c30d"></Provider>
<EventID Qualifiers="">4624</EventID>
<Version>0</Version>
<Level>0</Level>
<Task>12544</Task>
<Opcode>0</Opcode>
<Keywords>0x8020000000000000</Keywords>
<TimeCreated SystemTime="2016-09-15 20:59:20.844727"></TimeCreated>
<EventRecordID>350</EventRecordID>
<Correlation ActivityID="" RelatedActivityID=""></Correlation>
<Execution ProcessID="456" ThreadID="1936"></Execution>
<Channel>Security</Channel>
<Computer>bob-PC</Computer>
<Security UserID=""></Security>
</System>
<EventData><Data Name="SubjectUserSid">S-1-0-0</Data>
<Data Name="SubjectUserName">-</Data>
<Data Name="SubjectDomainName">-</Data>
<Data Name="SubjectLogonId">0x0000000000000000</Data>
<Data Name="TargetUserSid">S-1-5-21-1682941433-2412523285-1478106454-1000</Data>
<Data Name="TargetUserName">bob</Data>
<Data Name="TargetDomainName">bob-PC</Data>
<Data Name="TargetLogonId">0x00000000000ca01a</Data>
<Data Name="LogonType">3</Data>
<Data Name="LogonProcessName">NtLmSsp </Data>
<Data Name="AuthenticationPackageName">NTLM</Data>
<Data Name="WorkstationName">nSZ0WAEGBoBxw1Ev</Data>
<Data Name="LogonGuid">00000000-0000-0000-0000-000000000000</Data>
<Data Name="TransmittedServices">-</Data>
<Data Name="LmPackageName">NTLM V2</Data>
<Data Name="KeyLength">0</Data>
<Data Name="ProcessId">0x0000000000000000</Data>
<Data Name="ProcessName">-</Data>
<Data Name="IpAddress">10.200.0.21</Data>
<Data Name="IpPort">44139</Data>
</EventData>
</Event>

<Event xmlns="http://schemas.microsoft.com/win/2004/08/events/event"><System><Provider Name="Microsoft-Windows-Security-Auditing" Guid="54849625-5478-4994-a5ba-3e3b0328c30d"></Provider>
<EventID Qualifiers="">4634</EventID>
<Version>0</Version>
<Level>0</Level>
<Task>12545</Task>
<Opcode>0</Opcode>
<Keywords>0x8020000000000000</Keywords>
<TimeCreated SystemTime="2016-09-15 20:59:20.891602"></TimeCreated>
<EventRecordID>351</EventRecordID>
<Correlation ActivityID="" RelatedActivityID=""></Correlation>
<Execution ProcessID="456" ThreadID="1936"></Execution>
<Channel>Security</Channel>
<Computer>bob-PC</Computer>
<Security UserID=""></Security>
</System>
<EventData><Data Name="TargetUserSid">S-1-5-21-1682941433-2412523285-1478106454-1000</Data>
<Data Name="TargetUserName">bob</Data>
<Data Name="TargetDomainName">bob-PC</Data>
<Data Name="TargetLogonId">0x00000000000ca01a</Data>
<Data Name="LogonType">3</Data>
</EventData>
</Event>

<Event xmlns="http://schemas.microsoft.com/win/2004/08/events/event"><System><Provider Name="Microsoft-Windows-Security-Auditing" Guid="54849625-5478-4994-a5ba-3e3b0328c30d"></Provider>
<EventID Qualifiers="">4776</EventID>
<Version>0</Version>
<Level>0</Level>
<Task>14336</Task>
<Opcode>0</Opcode>
<Keywords>0x8010000000000000</Keywords>
<TimeCreated SystemTime="2016-09-15 20:59:20.891602"></TimeCreated>
<EventRecordID>352</EventRecordID>
<Correlation ActivityID="" RelatedActivityID=""></Correlation>
<Execution ProcessID="456" ThreadID="1936"></Execution>
<Channel>Security</Channel>
<Computer>bob-PC</Computer>
<Security UserID=""></Security>
</System>
<EventData><Data Name="PackageName">MICROSOFT_AUTHENTICATION_PACKAGE_V1_0</Data>
<Data Name="TargetUserName"></Data>
<Data Name="Workstation">kackdLbUKmaRC9aD</Data>
<Data Name="Status">0xc0000064</Data>
</EventData>
</Event>

<Event xmlns="http://schemas.microsoft.com/win/2004/08/events/event"><System><Provider Name="Microsoft-Windows-Security-Auditing" Guid="54849625-5478-4994-a5ba-3e3b0328c30d"></Provider>
<EventID Qualifiers="">4776</EventID>
<Version>0</Version>
<Level>0</Level>
<Task>14336</Task>
<Opcode>0</Opcode>
<Keywords>0x8010000000000000</Keywords>
<TimeCreated SystemTime="2016-09-15 20:59:20.907227"></TimeCreated>
<EventRecordID>353</EventRecordID>
<Correlation ActivityID="" RelatedActivityID=""></Correlation>
<Execution ProcessID="456" ThreadID="1936"></Execution>
<Channel>Security</Channel>
<Computer>bob-PC</Computer>
<Security UserID=""></Security>
</System>
<EventData><Data Name="PackageName">MICROSOFT_AUTHENTICATION_PACKAGE_V1_0</Data>
<Data Name="TargetUserName"></Data>
<Data Name="Workstation">\\10.200.0.21</Data>
<Data Name="Status">0xc0000064</Data>
</EventData>
</Event>

<Event xmlns="http://schemas.microsoft.com/win/2004/08/events/event"><System><Provider Name="Microsoft-Windows-Security-Auditing" Guid="54849625-5478-4994-a5ba-3e3b0328c30d"></Provider>
<EventID Qualifiers="">4776</EventID>
<Version>0</Version>
<Level>0</Level>
<Task>14336</Task>
<Opcode>0</Opcode>
<Keywords>0x8010000000000000</Keywords>
<TimeCreated SystemTime="2016-09-15 20:59:20.922850"></TimeCreated>
<EventRecordID>354</EventRecordID>
<Correlation ActivityID="" RelatedActivityID=""></Correlation>
<Execution ProcessID="456" ThreadID="1936"></Execution>
<Channel>Security</Channel>
<Computer>bob-PC</Computer>
<Security UserID=""></Security>
</System>
<EventData><Data Name="PackageName">MICROSOFT_AUTHENTICATION_PACKAGE_V1_0</Data>
<Data Name="TargetUserName"></Data>
<Data Name="Workstation">7sIGDdAgua7nya1o</Data>
<Data Name="Status">0xc0000064</Data>
</EventData>
</Event>

<Event xmlns="http://schemas.microsoft.com/win/2004/08/events/event"><System><Provider Name="Microsoft-Windows-Security-Auditing" Guid="54849625-5478-4994-a5ba-3e3b0328c30d"></Provider>
<EventID Qualifiers="">4776</EventID>
<Version>0</Version>
<Level>0</Level>
<Task>14336</Task>
<Opcode>0</Opcode>
<Keywords>0x8010000000000000</Keywords>
<TimeCreated SystemTime="2016-09-15 20:59:20.922850"></TimeCreated>
<EventRecordID>355</EventRecordID>
<Correlation ActivityID="" RelatedActivityID=""></Correlation>
<Execution ProcessID="456" ThreadID="1936"></Execution>
<Channel>Security</Channel>
<Computer>bob-PC</Computer>
<Security UserID=""></Security>
</System>
<EventData><Data Name="PackageName">MICROSOFT_AUTHENTICATION_PACKAGE_V1_0</Data>
<Data Name="TargetUserName"></Data>
<Data Name="Workstation">\\10.200.0.21</Data>
<Data Name="Status">0xc0000064</Data>
</EventData>
</Event>

<Event xmlns="http://schemas.microsoft.com/win/2004/08/events/event"><System><Provider Name="Microsoft-Windows-Security-Auditing" Guid="54849625-5478-4994-a5ba-3e3b0328c30d"></Provider>
<EventID Qualifiers="">4776</EventID>
<Version>0</Version>
<Level>0</Level>
<Task>14336</Task>
<Opcode>0</Opcode>
<Keywords>0x8010000000000000</Keywords>
<TimeCreated SystemTime="2016-09-15 20:59:20.922850"></TimeCreated>
<EventRecordID>356</EventRecordID>
<Correlation ActivityID="" RelatedActivityID=""></Correlation>
<Execution ProcessID="456" ThreadID="1936"></Execution>
<Channel>Security</Channel>
<Computer>bob-PC</Computer>
<Security UserID=""></Security>
</System>
<EventData><Data Name="PackageName">MICROSOFT_AUTHENTICATION_PACKAGE_V1_0</Data>
<Data Name="TargetUserName"></Data>
<Data Name="Workstation">rqPyqfEz3kgUeM10</Data>
<Data Name="Status">0xc0000064</Data>
</EventData>
</Event>

<Event xmlns="http://schemas.microsoft.com/win/2004/08/events/event"><System><Provider Name="Microsoft-Windows-Security-Auditing" Guid="54849625-5478-4994-a5ba-3e3b0328c30d"></Provider>
<EventID Qualifiers="">4776</EventID>
<Version>0</Version>
<Level>0</Level>
<Task>14336</Task>
<Opcode>0</Opcode>
<Keywords>0x8010000000000000</Keywords>
<TimeCreated SystemTime="2016-09-15 20:59:20.922850"></TimeCreated>
<EventRecordID>357</EventRecordID>
<Correlation ActivityID="" RelatedActivityID=""></Correlation>
<Execution ProcessID="456" ThreadID="1936"></Execution>
<Channel>Security</Channel>
<Computer>bob-PC</Computer>
<Security UserID=""></Security>
</System>
<EventData><Data Name="PackageName">MICROSOFT_AUTHENTICATION_PACKAGE_V1_0</Data>
<Data Name="TargetUserName"></Data>
<Data Name="Workstation">\\10.200.0.21</Data>
<Data Name="Status">0xc0000064</Data>
</EventData>
</Event>

<Event xmlns="http://schemas.microsoft.com/win/2004/08/events/event"><System><Provider Name="Microsoft-Windows-Security-Auditing" Guid="54849625-5478-4994-a5ba-3e3b0328c30d"></Provider>
<EventID Qualifiers="">4776</EventID>
<Version>0</Version>
<Level>0</Level>
<Task>14336</Task>
<Opcode>0</Opcode>
<Keywords>0x8010000000000000</Keywords>
<TimeCreated SystemTime="2016-09-15 20:59:20.938477"></TimeCreated>
<EventRecordID>358</EventRecordID>
<Correlation ActivityID="" RelatedActivityID=""></Correlation>
<Execution ProcessID="456" ThreadID="1936"></Execution>
<Channel>Security</Channel>
<Computer>bob-PC</Computer>
<Security UserID=""></Security>
</System>
<EventData><Data Name="PackageName">MICROSOFT_AUTHENTICATION_PACKAGE_V1_0</Data>
<Data Name="TargetUserName"></Data>
<Data Name="Workstation">aycmR11Tbk7t3Gqg</Data>
<Data Name="Status">0xc0000064</Data>
</EventData>
</Event>

<Event xmlns="http://schemas.microsoft.com/win/2004/08/events/event"><System><Provider Name="Microsoft-Windows-Security-Auditing" Guid="54849625-5478-4994-a5ba-3e3b0328c30d"></Provider>
<EventID Qualifiers="">4776</EventID>
<Version>0</Version>
<Level>0</Level>
<Task>14336</Task>
<Opcode>0</Opcode>
<Keywords>0x8010000000000000</Keywords>
<TimeCreated SystemTime="2016-09-15 20:59:20.938477"></TimeCreated>
<EventRecordID>359</EventRecordID>
<Correlation ActivityID="" RelatedActivityID=""></Correlation>
<Execution ProcessID="456" ThreadID="1936"></Execution>
<Channel>Security</Channel>
<Computer>bob-PC</Computer>
<Security UserID=""></Security>
</System>
<EventData><Data Name="PackageName">MICROSOFT_AUTHENTICATION_PACKAGE_V1_0</Data>
<Data Name="TargetUserName"></Data>
<Data Name="Workstation">\\10.200.0.21</Data>
<Data Name="Status">0xc0000064</Data>
</EventData>
</Event>

<Event xmlns="http://schemas.microsoft.com/win/2004/08/events/event"><System><Provider Name="Microsoft-Windows-Security-Auditing" Guid="54849625-5478-4994-a5ba-3e3b0328c30d"></Provider>
<EventID Qualifiers="">4776</EventID>
<Version>0</Version>
<Level>0</Level>
<Task>14336</Task>
<Opcode>0</Opcode>
<Keywords>0x8010000000000000</Keywords>
<TimeCreated SystemTime="2016-09-15 20:59:20.954100"></TimeCreated>
<EventRecordID>360</EventRecordID>
<Correlation ActivityID="" RelatedActivityID=""></Correlation>
<Execution ProcessID="456" ThreadID="1936"></Execution>
<Channel>Security</Channel>
<Computer>bob-PC</Computer>
<Security UserID=""></Security>
</System>
<EventData><Data Name="PackageName">MICROSOFT_AUTHENTICATION_PACKAGE_V1_0</Data>
<Data Name="TargetUserName"></Data>
<Data Name="Workstation">O9jJS2zx1ttSs5B5</Data>
<Data Name="Status">0xc0000064</Data>
</EventData>
</Event>

<Event xmlns="http://schemas.microsoft.com/win/2004/08/events/event"><System><Provider Name="Microsoft-Windows-Security-Auditing" Guid="54849625-5478-4994-a5ba-3e3b0328c30d"></Provider>
<EventID Qualifiers="">4776</EventID>
<Version>0</Version>
<Level>0</Level>
<Task>14336</Task>
<Opcode>0</Opcode>
<Keywords>0x8010000000000000</Keywords>
<TimeCreated SystemTime="2016-09-15 20:59:20.954100"></TimeCreated>
<EventRecordID>361</EventRecordID>
<Correlation ActivityID="" RelatedActivityID=""></Correlation>
<Execution ProcessID="456" ThreadID="1936"></Execution>
<Channel>Security</Channel>
<Computer>bob-PC</Computer>
<Security UserID=""></Security>
</System>
<EventData><Data Name="PackageName">MICROSOFT_AUTHENTICATION_PACKAGE_V1_0</Data>
<Data Name="TargetUserName"></Data>
<Data Name="Workstation">\\10.200.0.21</Data>
<Data Name="Status">0xc0000064</Data>
</EventData>
</Event>

<Event xmlns="http://schemas.microsoft.com/win/2004/08/events/event"><System><Provider Name="Microsoft-Windows-Security-Auditing" Guid="54849625-5478-4994-a5ba-3e3b0328c30d"></Provider>
<EventID Qualifiers="">4776</EventID>
<Version>0</Version>
<Level>0</Level>
<Task>14336</Task>
<Opcode>0</Opcode>
<Keywords>0x8010000000000000</Keywords>
<TimeCreated SystemTime="2016-09-15 20:59:20.969727"></TimeCreated>
<EventRecordID>362</EventRecordID>
<Correlation ActivityID="" RelatedActivityID=""></Correlation>
<Execution ProcessID="456" ThreadID="1936"></Execution>
<Channel>Security</Channel>
<Computer>bob-PC</Computer>
<Security UserID=""></Security>
</System>
<EventData><Data Name="PackageName">MICROSOFT_AUTHENTICATION_PACKAGE_V1_0</Data>
<Data Name="TargetUserName"></Data>
<Data Name="Workstation">VlNu8gKuVu5mT88N</Data>
<Data Name="Status">0xc0000064</Data>
</EventData>
</Event>

<Event xmlns="http://schemas.microsoft.com/win/2004/08/events/event"><System><Provider Name="Microsoft-Windows-Security-Auditing" Guid="54849625-5478-4994-a5ba-3e3b0328c30d"></Provider>
<EventID Qualifiers="">4776</EventID>
<Version>0</Version>
<Level>0</Level>
<Task>14336</Task>
<Opcode>0</Opcode>
<Keywords>0x8010000000000000</Keywords>
<TimeCreated SystemTime="2016-09-15 20:59:20.969727"></TimeCreated>
<EventRecordID>363</EventRecordID>
<Correlation ActivityID="" RelatedActivityID=""></Correlation>
<Execution ProcessID="456" ThreadID="1936"></Execution>
<Channel>Security</Channel>
<Computer>bob-PC</Computer>
<Security UserID=""></Security>
</System>
<EventData><Data Name="PackageName">MICROSOFT_AUTHENTICATION_PACKAGE_V1_0</Data>
<Data Name="TargetUserName"></Data>
<Data Name="Workstation">\\10.200.0.21</Data>
<Data Name="Status">0xc0000064</Data>
</EventData>
</Event>

<Event xmlns="http://schemas.microsoft.com/win/2004/08/events/event"><System><Provider Name="Microsoft-Windows-Security-Auditing" Guid="54849625-5478-4994-a5ba-3e3b0328c30d"></Provider>
<EventID Qualifiers="">4776</EventID>
<Version>0</Version>
<Level>0</Level>
<Task>14336</Task>
<Opcode>0</Opcode>
<Keywords>0x8010000000000000</Keywords>
<TimeCreated SystemTime="2016-09-15 20:59:20.969727"></TimeCreated>
<EventRecordID>364</EventRecordID>
<Correlation ActivityID="" RelatedActivityID=""></Correlation>
<Execution ProcessID="456" ThreadID="1936"></Execution>
<Channel>Security</Channel>
<Computer>bob-PC</Computer>
<Security UserID=""></Security>
</System>
<EventData><Data Name="PackageName">MICROSOFT_AUTHENTICATION_PACKAGE_V1_0</Data>
<Data Name="TargetUserName"></Data>
<Data Name="Workstation">g6BF7egrJf25aHYl</Data>
<Data Name="Status">0xc0000064</Data>
</EventData>
</Event>

<Event xmlns="http://schemas.microsoft.com/win/2004/08/events/event"><System><Provider Name="Microsoft-Windows-Security-Auditing" Guid="54849625-5478-4994-a5ba-3e3b0328c30d"></Provider>
<EventID Qualifiers="">4776</EventID>
<Version>0</Version>
<Level>0</Level>
<Task>14336</Task>
<Opcode>0</Opcode>
<Keywords>0x8010000000000000</Keywords>
<TimeCreated SystemTime="2016-09-15 20:59:20.969727"></TimeCreated>
<EventRecordID>365</EventRecordID>
<Correlation ActivityID="" RelatedActivityID=""></Correlation>
<Execution ProcessID="456" ThreadID="1936"></Execution>
<Channel>Security</Channel>
<Computer>bob-PC</Computer>
<Security UserID=""></Security>
</System>
<EventData><Data Name="PackageName">MICROSOFT_AUTHENTICATION_PACKAGE_V1_0</Data>
<Data Name="TargetUserName"></Data>
<Data Name="Workstation">\\10.200.0.21</Data>
<Data Name="Status">0xc0000064</Data>
</EventData>
</Event>

<Event xmlns="http://schemas.microsoft.com/win/2004/08/events/event"><System><Provider Name="Microsoft-Windows-Security-Auditing" Guid="54849625-5478-4994-a5ba-3e3b0328c30d"></Provider>
<EventID Qualifiers="">4776</EventID>
<Version>0</Version>
<Level>0</Level>
<Task>14336</Task>
<Opcode>0</Opcode>
<Keywords>0x8010000000000000</Keywords>
<TimeCreated SystemTime="2016-09-15 20:59:21.000975"></TimeCreated>
<EventRecordID>366</EventRecordID>
<Correlation ActivityID="" RelatedActivityID=""></Correlation>
<Execution ProcessID="456" ThreadID="1936"></Execution>
<Channel>Security</Channel>
<Computer>bob-PC</Computer>
<Security UserID=""></Security>
</System>
<EventData><Data Name="PackageName">MICROSOFT_AUTHENTICATION_PACKAGE_V1_0</Data>
<Data Name="TargetUserName"></Data>
<Data Name="Workstation">ANR4CV4hVMIJj78Q</Data>
<Data Name="Status">0xc0000064</Data>
</EventData>
</Event>

<Event xmlns="http://schemas.microsoft.com/win/2004/08/events/event"><System><Provider Name="Microsoft-Windows-Security-Auditing" Guid="54849625-5478-4994-a5ba-3e3b0328c30d"></Provider>
<EventID Qualifiers="">4776</EventID>
<Version>0</Version>
<Level>0</Level>
<Task>14336</Task>
<Opcode>0</Opcode>
<Keywords>0x8010000000000000</Keywords>
<TimeCreated SystemTime="2016-09-15 20:59:21.000975"></TimeCreated>
<EventRecordID>367</EventRecordID>
<Correlation ActivityID="" RelatedActivityID=""></Correlation>
<Execution ProcessID="456" ThreadID="1936"></Execution>
<Channel>Security</Channel>
<Computer>bob-PC</Computer>
<Security UserID=""></Security>
</System>
<EventData><Data Name="PackageName">MICROSOFT_AUTHENTICATION_PACKAGE_V1_0</Data>
<Data Name="TargetUserName"></Data>
<Data Name="Workstation">\\10.200.0.21</Data>
<Data Name="Status">0xc0000064</Data>
</EventData>
</Event>

<Event xmlns="http://schemas.microsoft.com/win/2004/08/events/event"><System><Provider Name="Microsoft-Windows-Security-Auditing" Guid="54849625-5478-4994-a5ba-3e3b0328c30d"></Provider>
<EventID Qualifiers="">4776</EventID>
<Version>0</Version>
<Level>0</Level>
<Task>14336</Task>
<Opcode>0</Opcode>
<Keywords>0x8010000000000000</Keywords>
<TimeCreated SystemTime="2016-09-15 20:59:21.016602"></TimeCreated>
<EventRecordID>368</EventRecordID>
<Correlation ActivityID="" RelatedActivityID=""></Correlation>
<Execution ProcessID="456" ThreadID="1936"></Execution>
<Channel>Security</Channel>
<Computer>bob-PC</Computer>
<Security UserID=""></Security>
</System>
<EventData><Data Name="PackageName">MICROSOFT_AUTHENTICATION_PACKAGE_V1_0</Data>
<Data Name="TargetUserName"></Data>
<Data Name="Workstation">oTMs5hPBlmuyIjnn</Data>
<Data Name="Status">0xc0000064</Data>
</EventData>
</Event>

<Event xmlns="http://schemas.microsoft.com/win/2004/08/events/event"><System><Provider Name="Microsoft-Windows-Security-Auditing" Guid="54849625-5478-4994-a5ba-3e3b0328c30d"></Provider>
<EventID Qualifiers="">4776</EventID>
<Version>0</Version>
<Level>0</Level>
<Task>14336</Task>
<Opcode>0</Opcode>
<Keywords>0x8010000000000000</Keywords>
<TimeCreated SystemTime="2016-09-15 20:59:21.016602"></TimeCreated>
<EventRecordID>369</EventRecordID>
<Correlation ActivityID="" RelatedActivityID=""></Correlation>
<Execution ProcessID="456" ThreadID="1936"></Execution>
<Channel>Security</Channel>
<Computer>bob-PC</Computer>
<Security UserID=""></Security>
</System>
<EventData><Data Name="PackageName">MICROSOFT_AUTHENTICATION_PACKAGE_V1_0</Data>
<Data Name="TargetUserName"></Data>
<Data Name="Workstation">\\10.200.0.21</Data>
<Data Name="Status">0xc0000064</Data>
</EventData>
</Event>

<Event xmlns="http://schemas.microsoft.com/win/2004/08/events/event"><System><Provider Name="Microsoft-Windows-Security-Auditing" Guid="54849625-5478-4994-a5ba-3e3b0328c30d"></Provider>
<EventID Qualifiers="">4776</EventID>
<Version>0</Version>
<Level>0</Level>
<Task>14336</Task>
<Opcode>0</Opcode>
<Keywords>0x8010000000000000</Keywords>
<TimeCreated SystemTime="2016-09-15 20:59:21.032227"></TimeCreated>
<EventRecordID>370</EventRecordID>
<Correlation ActivityID="" RelatedActivityID=""></Correlation>
<Execution ProcessID="456" ThreadID="1936"></Execution>
<Channel>Security</Channel>
<Computer>bob-PC</Computer>
<Security UserID=""></Security>
</System>
<EventData><Data Name="PackageName">MICROSOFT_AUTHENTICATION_PACKAGE_V1_0</Data>
<Data Name="TargetUserName"></Data>
<Data Name="Workstation">FesSn3V4WyiEINmk</Data>
<Data Name="Status">0xc0000064</Data>
</EventData>
</Event>

<Event xmlns="http://schemas.microsoft.com/win/2004/08/events/event"><System><Provider Name="Microsoft-Windows-Security-Auditing" Guid="54849625-5478-4994-a5ba-3e3b0328c30d"></Provider>
<EventID Qualifiers="">4776</EventID>
<Version>0</Version>
<Level>0</Level>
<Task>14336</Task>
<Opcode>0</Opcode>
<Keywords>0x8010000000000000</Keywords>
<TimeCreated SystemTime="2016-09-15 20:59:21.047850"></TimeCreated>
<EventRecordID>371</EventRecordID>
<Correlation ActivityID="" RelatedActivityID=""></Correlation>
<Execution ProcessID="456" ThreadID="1936"></Execution>
<Channel>Security</Channel>
<Computer>bob-PC</Computer>
<Security UserID=""></Security>
</System>
<EventData><Data Name="PackageName">MICROSOFT_AUTHENTICATION_PACKAGE_V1_0</Data>
<Data Name="TargetUserName"></Data>
<Data Name="Workstation">\\10.200.0.21</Data>
<Data Name="Status">0xc0000064</Data>
</EventData>
</Event>

<Event xmlns="http://schemas.microsoft.com/win/2004/08/events/event"><System><Provider Name="Microsoft-Windows-Security-Auditing" Guid="54849625-5478-4994-a5ba-3e3b0328c30d"></Provider>
<EventID Qualifiers="">4776</EventID>
<Version>0</Version>
<Level>0</Level>
<Task>14336</Task>
<Opcode>0</Opcode>
<Keywords>0x8010000000000000</Keywords>
<TimeCreated SystemTime="2016-09-15 20:59:21.047850"></TimeCreated>
<EventRecordID>372</EventRecordID>
<Correlation ActivityID="" RelatedActivityID=""></Correlation>
<Execution ProcessID="456" ThreadID="1936"></Execution>
<Channel>Security</Channel>
<Computer>bob-PC</Computer>
<Security UserID=""></Security>
</System>
<EventData><Data Name="PackageName">MICROSOFT_AUTHENTICATION_PACKAGE_V1_0</Data>
<Data Name="TargetUserName"></Data>
<Data Name="Workstation">DT4PRtG7QTXHGQlj</Data>
<Data Name="Status">0xc0000064</Data>
</EventData>
</Event>

<Event xmlns="http://schemas.microsoft.com/win/2004/08/events/event"><System><Provider Name="Microsoft-Windows-Security-Auditing" Guid="54849625-5478-4994-a5ba-3e3b0328c30d"></Provider>
<EventID Qualifiers="">4776</EventID>
<Version>0</Version>
<Level>0</Level>
<Task>14336</Task>
<Opcode>0</Opcode>
<Keywords>0x8010000000000000</Keywords>
<TimeCreated SystemTime="2016-09-15 20:59:21.047850"></TimeCreated>
<EventRecordID>373</EventRecordID>
<Correlation ActivityID="" RelatedActivityID=""></Correlation>
<Execution ProcessID="456" ThreadID="1936"></Execution>
<Channel>Security</Channel>
<Computer>bob-PC</Computer>
<Security UserID=""></Security>
</System>
<EventData><Data Name="PackageName">MICROSOFT_AUTHENTICATION_PACKAGE_V1_0</Data>
<Data Name="TargetUserName"></Data>
<Data Name="Workstation">\\10.200.0.21</Data>
<Data Name="Status">0xc0000064</Data>
</EventData>
</Event>

<Event xmlns="http://schemas.microsoft.com/win/2004/08/events/event"><System><Provider Name="Microsoft-Windows-Security-Auditing" Guid="54849625-5478-4994-a5ba-3e3b0328c30d"></Provider>
<EventID Qualifiers="">4776</EventID>
<Version>0</Version>
<Level>0</Level>
<Task>14336</Task>
<Opcode>0</Opcode>
<Keywords>0x8010000000000000</Keywords>
<TimeCreated SystemTime="2016-09-15 20:59:21.079100"></TimeCreated>
<EventRecordID>374</EventRecordID>
<Correlation ActivityID="" RelatedActivityID=""></Correlation>
<Execution ProcessID="456" ThreadID="1936"></Execution>
<Channel>Security</Channel>
<Computer>bob-PC</Computer>
<Security UserID=""></Security>
</System>
<EventData><Data Name="PackageName">MICROSOFT_AUTHENTICATION_PACKAGE_V1_0</Data>
<Data Name="TargetUserName"></Data>
<Data Name="Workstation">AGy6nixQTQlqkqYG</Data>
<Data Name="Status">0xc0000064</Data>
</EventData>
</Event>

<Event xmlns="http://schemas.microsoft.com/win/2004/08/events/event"><System><Provider Name="Microsoft-Windows-Security-Auditing" Guid="54849625-5478-4994-a5ba-3e3b0328c30d"></Provider>
<EventID Qualifiers="">4776</EventID>
<Version>0</Version>
<Level>0</Level>
<Task>14336</Task>
<Opcode>0</Opcode>
<Keywords>0x8010000000000000</Keywords>
<TimeCreated SystemTime="2016-09-15 20:59:21.079100"></TimeCreated>
<EventRecordID>375</EventRecordID>
<Correlation ActivityID="" RelatedActivityID=""></Correlation>
<Execution ProcessID="456" ThreadID="1936"></Execution>
<Channel>Security</Channel>
<Computer>bob-PC</Computer>
<Security UserID=""></Security>
</System>
<EventData><Data Name="PackageName">MICROSOFT_AUTHENTICATION_PACKAGE_V1_0</Data>
<Data Name="TargetUserName"></Data>
<Data Name="Workstation">\\10.200.0.21</Data>
<Data Name="Status">0xc0000064</Data>
</EventData>
</Event>

<Event xmlns="http://schemas.microsoft.com/win/2004/08/events/event"><System><Provider Name="Microsoft-Windows-Security-Auditing" Guid="54849625-5478-4994-a5ba-3e3b0328c30d"></Provider>
<EventID Qualifiers="">4776</EventID>
<Version>0</Version>
<Level>0</Level>
<Task>14336</Task>
<Opcode>0</Opcode>
<Keywords>0x8010000000000000</Keywords>
<TimeCreated SystemTime="2016-09-15 20:59:21.079100"></TimeCreated>
<EventRecordID>376</EventRecordID>
<Correlation ActivityID="" RelatedActivityID=""></Correlation>
<Execution ProcessID="456" ThreadID="1936"></Execution>
<Channel>Security</Channel>
<Computer>bob-PC</Computer>
<Security UserID=""></Security>
</System>
<EventData><Data Name="PackageName">MICROSOFT_AUTHENTICATION_PACKAGE_V1_0</Data>
<Data Name="TargetUserName">4Dgifts</Data>
<Data Name="Workstation">fKQINooJzUxDMDSF</Data>
<Data Name="Status">0xc0000064</Data>
</EventData>
</Event>

<Event xmlns="http://schemas.microsoft.com/win/2004/08/events/event"><System><Provider Name="Microsoft-Windows-Security-Auditing" Guid="54849625-5478-4994-a5ba-3e3b0328c30d"></Provider>
<EventID Qualifiers="">4776</EventID>
<Version>0</Version>
<Level>0</Level>
<Task>14336</Task>
<Opcode>0</Opcode>
<Keywords>0x8010000000000000</Keywords>
<TimeCreated SystemTime="2016-09-15 20:59:21.094727"></TimeCreated>
<EventRecordID>377</EventRecordID>
<Correlation ActivityID="" RelatedActivityID=""></Correlation>
<Execution ProcessID="456" ThreadID="1936"></Execution>
<Channel>Security</Channel>
<Computer>bob-PC</Computer>
<Security UserID=""></Security>
</System>
<EventData><Data Name="PackageName">MICROSOFT_AUTHENTICATION_PACKAGE_V1_0</Data>
<Data Name="TargetUserName">4Dgifts</Data>
<Data Name="Workstation">2Hd048sM9pE3LL8F</Data>
<Data Name="Status">0xc0000064</Data>
</EventData>
</Event>

<Event xmlns="http://schemas.microsoft.com/win/2004/08/events/event"><System><Provider Name="Microsoft-Windows-Security-Auditing" Guid="54849625-5478-4994-a5ba-3e3b0328c30d"></Provider>
<EventID Qualifiers="">4776</EventID>
<Version>0</Version>
<Level>0</Level>
<Task>14336</Task>
<Opcode>0</Opcode>
<Keywords>0x8010000000000000</Keywords>
<TimeCreated SystemTime="2016-09-15 20:59:21.110352"></TimeCreated>
<EventRecordID>378</EventRecordID>
<Correlation ActivityID="" RelatedActivityID=""></Correlation>
<Execution ProcessID="456" ThreadID="1936"></Execution>
<Channel>Security</Channel>
<Computer>bob-PC</Computer>
<Security UserID=""></Security>
</System>
<EventData><Data Name="PackageName">MICROSOFT_AUTHENTICATION_PACKAGE_V1_0</Data>
<Data Name="TargetUserName">4Dgifts</Data>
<Data Name="Workstation">JvhPl46qYxkInhxR</Data>
<Data Name="Status">0xc0000064</Data>
</EventData>
</Event>

<Event xmlns="http://schemas.microsoft.com/win/2004/08/events/event"><System><Provider Name="Microsoft-Windows-Security-Auditing" Guid="54849625-5478-4994-a5ba-3e3b0328c30d"></Provider>
<EventID Qualifiers="">4776</EventID>
<Version>0</Version>
<Level>0</Level>
<Task>14336</Task>
<Opcode>0</Opcode>
<Keywords>0x8010000000000000</Keywords>
<TimeCreated SystemTime="2016-09-15 20:59:21.125975"></TimeCreated>
<EventRecordID>379</EventRecordID>
<Correlation ActivityID="" RelatedActivityID=""></Correlation>
<Execution ProcessID="456" ThreadID="1936"></Execution>
<Channel>Security</Channel>
<Computer>bob-PC</Computer>
<Security UserID=""></Security>
</System>
<EventData><Data Name="PackageName">MICROSOFT_AUTHENTICATION_PACKAGE_V1_0</Data>
<Data Name="TargetUserName">4Dgifts</Data>
<Data Name="Workstation">aG7OHr9W33QLrkSd</Data>
<Data Name="Status">0xc0000064</Data>
</EventData>
</Event>

<Event xmlns="http://schemas.microsoft.com/win/2004/08/events/event"><System><Provider Name="Microsoft-Windows-Security-Auditing" Guid="54849625-5478-4994-a5ba-3e3b0328c30d"></Provider>
<EventID Qualifiers="">4776</EventID>
<Version>0</Version>
<Level>0</Level>
<Task>14336</Task>
<Opcode>0</Opcode>
<Keywords>0x8010000000000000</Keywords>
<TimeCreated SystemTime="2016-09-15 20:59:21.141602"></TimeCreated>
<EventRecordID>380</EventRecordID>
<Correlation ActivityID="" RelatedActivityID=""></Correlation>
<Execution ProcessID="456" ThreadID="1936"></Execution>
<Channel>Security</Channel>
<Computer>bob-PC</Computer>
<Security UserID=""></Security>
</System>
<EventData><Data Name="PackageName">MICROSOFT_AUTHENTICATION_PACKAGE_V1_0</Data>
<Data Name="TargetUserName">4Dgifts</Data>
<Data Name="Workstation">04GTrxuMFeQH2gxp</Data>
<Data Name="Status">0xc0000064</Data>
</EventData>
</Event>

<Event xmlns="http://schemas.microsoft.com/win/2004/08/events/event"><System><Provider Name="Microsoft-Windows-Security-Auditing" Guid="54849625-5478-4994-a5ba-3e3b0328c30d"></Provider>
<EventID Qualifiers="">4776</EventID>
<Version>0</Version>
<Level>0</Level>
<Task>14336</Task>
<Opcode>0</Opcode>
<Keywords>0x8010000000000000</Keywords>
<TimeCreated SystemTime="2016-09-15 20:59:21.157227"></TimeCreated>
<EventRecordID>381</EventRecordID>
<Correlation ActivityID="" RelatedActivityID=""></Correlation>
<Execution ProcessID="456" ThreadID="1936"></Execution>
<Channel>Security</Channel>
<Computer>bob-PC</Computer>
<Security UserID=""></Security>
</System>
<EventData><Data Name="PackageName">MICROSOFT_AUTHENTICATION_PACKAGE_V1_0</Data>
<Data Name="TargetUserName">4Dgifts</Data>
<Data Name="Workstation">NC2fhk3TqMLwlqjT</Data>
<Data Name="Status">0xc0000064</Data>
</EventData>
</Event>

